[12-Jul-2025 10:53:02 Europe/Berlin] POST data: Array
(
    [id_user] => 8
    [nama] => Amelia
    [telp] => 081326652443
    [alamat] => Jl Majapahit No.56
)

[12-Jul-2025 10:53:02 Europe/Berlin] FILES data: Array
(
    [gambar] => Array
        (
            [name] => IMG-20250712-WA0003.jpg
            [type] => image/jpeg
            [tmp_name] => D:\xampp\tmp\php502F.tmp
            [error] => 0
            [size] => 25604
        )

)

[12-Jul-2025 10:53:02 Europe/Berlin] Image uploaded successfully: profile_8_1752310382.jpg
[12-Jul-2025 10:53:02 Europe/Berlin] User type: mediator
[12-Jul-2025 10:53:57 Europe/Berlin] POST data: Array
(
    [id_user] => 8
    [nama] => Amelia
    [telp] => 081326652443
    [alamat] => Jl Majapahit No.56
)

[12-Jul-2025 10:53:57 Europe/Berlin] FILES data: Array
(
    [gambar] => Array
        (
            [name] => IMG-20250712-WA0003.jpg
            [type] => image/jpeg
            [tmp_name] => D:\xampp\tmp\php28AE.tmp
            [error] => 0
            [size] => 25604
        )

)

[12-Jul-2025 10:53:57 Europe/Berlin] Image uploaded successfully: profile_8_1752310437.jpg
[12-Jul-2025 10:53:57 Europe/Berlin] User type: mediator
[12-Jul-2025 10:55:10 Europe/Berlin] POST data: Array
(
    [id_user] => 8
    [nama] => Amelia
    [telp] => 081326652443
    [alamat] => Jl Majapahit No.56
)

[12-Jul-2025 10:55:10 Europe/Berlin] FILES data: Array
(
    [gambar] => Array
        (
            [name] => IMG-20250712-WA0003.jpg
            [type] => image/jpeg
            [tmp_name] => D:\xampp\tmp\php4579.tmp
            [error] => 0
            [size] => 25604
        )

)

[12-Jul-2025 10:55:10 Europe/Berlin] Image uploaded successfully: profile_8_1752310510.jpg
[12-Jul-2025 10:55:10 Europe/Berlin] User type: mediator
[12-Jul-2025 10:55:53 Europe/Berlin] POST data: Array
(
    [id_user] => 8
    [nama] => Amel
    [telp] => 081326652443
    [alamat] => Jl Majapahit No.56
)

[12-Jul-2025 10:55:53 Europe/Berlin] FILES data: Array
(
)

[12-Jul-2025 10:55:53 Europe/Berlin] User type: mediator
[12-Jul-2025 11:31:07 Europe/Berlin] POST data: Array
(
    [id_user] => 8
    [nama] => Amel
    [telp] => 081326652443
    [alamat] => Jl Majapahit No.56
)

[12-Jul-2025 11:31:07 Europe/Berlin] FILES data: Array
(
)

[12-Jul-2025 11:31:07 Europe/Berlin] User type: mediator
[12-Jul-2025 11:31:07 Europe/Berlin] Error in update_profile.php: Failed to update profile in database
[12-Jul-2025 11:31:29 Europe/Berlin] POST data: Array
(
    [id_user] => 8
    [nama] => Amel
    [telp] => 081326652443
    [alamat] => Jl Majapahit No.56
)

[12-Jul-2025 11:31:29 Europe/Berlin] FILES data: Array
(
    [gambar] => Array
        (
            [name] => IMG-20250712-WA0001.jpg
            [type] => image/jpeg
            [tmp_name] => D:\xampp\tmp\php8736.tmp
            [error] => 0
            [size] => 123540
        )

)

[12-Jul-2025 11:31:29 Europe/Berlin] Image uploaded successfully: profile_8_1752312689.jpg
[12-Jul-2025 11:31:29 Europe/Berlin] User type: mediator
[12-Jul-2025 11:38:36 Europe/Berlin] POST data: Array
(
    [id_user] => 8
    [nama] => Amel
    [telp] => 081326652443
    [alamat] => Jl Majapahit No.56
)

[12-Jul-2025 11:38:36 Europe/Berlin] FILES data: Array
(
)

[12-Jul-2025 11:38:36 Europe/Berlin] User type: mediator
[12-Jul-2025 11:38:36 Europe/Berlin] Error in update_profile.php: Failed to update profile in database
[12-Jul-2025 11:38:53 Europe/Berlin] POST data: Array
(
    [id_user] => 8
    [nama] => Amel
    [telp] => 081326652443
    [alamat] => Jl Majapahit No.56
)

[12-Jul-2025 11:38:53 Europe/Berlin] FILES data: Array
(
)

[12-Jul-2025 11:38:53 Europe/Berlin] User type: mediator
[12-Jul-2025 11:38:53 Europe/Berlin] Error in update_profile.php: Failed to update profile in database
[12-Jul-2025 11:39:16 Europe/Berlin] POST data: Array
(
    [id_user] => 8
    [nama] => Amel
    [telp] => 081326652443
    [alamat] => Jl Majapahit No.56
)

[12-Jul-2025 11:39:16 Europe/Berlin] FILES data: Array
(
)

[12-Jul-2025 11:39:16 Europe/Berlin] User type: mediator
[12-Jul-2025 11:39:16 Europe/Berlin] Error in update_profile.php: Failed to update profile in database
[12-Jul-2025 11:40:22 Europe/Berlin] POST data: Array
(
    [id_user] => 8
    [nama] => Amel
    [telp] => 081326652443
    [alamat] => Jl Majapahit No.56
)

[12-Jul-2025 11:40:22 Europe/Berlin] FILES data: Array
(
    [gambar] => Array
        (
            [name] => IMG-20250712-WA0003.jpg
            [type] => image/jpeg
            [tmp_name] => D:\xampp\tmp\php9CFA.tmp
            [error] => 0
            [size] => 25604
        )

)

[12-Jul-2025 11:40:22 Europe/Berlin] Image uploaded successfully: profile_8_1752313222.jpg
[12-Jul-2025 11:40:22 Europe/Berlin] User type: mediator
[12-Jul-2025 11:40:22 Europe/Berlin] Error in update_profile.php: Failed to update profile in database
[12-Jul-2025 11:40:26 Europe/Berlin] POST data: Array
(
    [id_user] => 8
    [nama] => Amel
    [telp] => 081326652443
    [alamat] => Jl Majapahit No.56
    [password] => tyyui
)

[12-Jul-2025 11:40:26 Europe/Berlin] FILES data: Array
(
    [gambar] => Array
        (
            [name] => IMG-20250712-WA0003.jpg
            [type] => image/jpeg
            [tmp_name] => D:\xampp\tmp\phpAE8F.tmp
            [error] => 0
            [size] => 25604
        )

)

[12-Jul-2025 11:40:27 Europe/Berlin] Image uploaded successfully: profile_8_1752313227.jpg
[12-Jul-2025 11:40:27 Europe/Berlin] User type: mediator
[12-Jul-2025 11:40:27 Europe/Berlin] Error in update_profile.php: Failed to update profile in database
[12-Jul-2025 11:41:45 Europe/Berlin] POST data: Array
(
    [id_user] => 8
    [nama] => Amel
    [telp] => 081326652443
    [alamat] => Jl Majapahit No.56
    [password] => tyyui
)

[12-Jul-2025 11:41:45 Europe/Berlin] FILES data: Array
(
    [gambar] => Array
        (
            [name] => IMG-20250712-WA0003.jpg
            [type] => image/jpeg
            [tmp_name] => D:\xampp\tmp\phpE1A2.tmp
            [error] => 0
            [size] => 25604
        )

)

[12-Jul-2025 11:41:45 Europe/Berlin] Image uploaded successfully: profile_8_1752313305.jpg
[12-Jul-2025 11:41:45 Europe/Berlin] User type: mediator
[12-Jul-2025 11:41:45 Europe/Berlin] Error in update_profile.php: Failed to update profile in database
[12-Jul-2025 11:41:49 Europe/Berlin] POST data: Array
(
    [id_user] => 8
    [nama] => Amel
    [telp] => 081326652443
    [alamat] => Jl Majapahit No.56
)

[12-Jul-2025 11:41:49 Europe/Berlin] FILES data: Array
(
)

[12-Jul-2025 11:41:49 Europe/Berlin] User type: mediator
[12-Jul-2025 11:41:49 Europe/Berlin] Error in update_profile.php: Failed to update profile in database
[12-Jul-2025 11:43:32 Europe/Berlin] POST data: Array
(
    [id_user] => 8
    [nama] => Amel
    [telp] => 081326652443
    [alamat] => Jl Majapahit No.56
)

[12-Jul-2025 11:43:32 Europe/Berlin] FILES data: Array
(
)

[12-Jul-2025 11:43:32 Europe/Berlin] User type: mediator
[12-Jul-2025 11:43:37 Europe/Berlin] POST data: Array
(
    [id_user] => 8
    [nama] => Amelia
    [telp] => 081326652443
    [alamat] => Jl Majapahit No.56
)

[12-Jul-2025 11:43:37 Europe/Berlin] FILES data: Array
(
)

[12-Jul-2025 11:43:37 Europe/Berlin] User type: mediator
[12-Jul-2025 11:43:54 Europe/Berlin] POST data: Array
(
    [id_user] => 8
    [nama] => Amelia
    [telp] => 081326652443
    [alamat] => Jl Majapahit No.56
)

[12-Jul-2025 11:43:54 Europe/Berlin] FILES data: Array
(
    [gambar] => Array
        (
            [name] => IMG-20250712-WA0002.jpg
            [type] => image/jpeg
            [tmp_name] => D:\xampp\tmp\phpD8DF.tmp
            [error] => 0
            [size] => 173029
        )

)

[12-Jul-2025 11:43:54 Europe/Berlin] Image uploaded successfully: profile_8_1752313434.jpg
[12-Jul-2025 11:43:54 Europe/Berlin] User type: mediator
